#
# A fatal error has been detected by the Java Runtime Environment:
#
#  Internal Error (sharedRuntime.cpp:834), pid=4838, tid=0x00007fe27157e700
#  fatal error: exception happened outside interpreter, nmethods and vtable stubs at pc 0x00007fe2d00fb8b1
#
# JRE version: Java(TM) SE Runtime Environment (8.0_151-b12) (build 1.8.0_151-b12)
# Java VM: Java HotSpot(TM) 64-Bit Server VM (25.151-b12 mixed mode linux-amd64 compressed oops)
# Failed to write core dump. Core dumps have been disabled. To enable core dumping, try "ulimit -c unlimited" before starting Java again
#
# If you would like to submit a bug report, please visit:
#   http://bugreport.java.com/bugreport/crash.jsp
#

---------------  T H R E A D  ---------------

Current thread (0x00007fe2db799800):  JavaThread "pool-3-thread-6" [_thread_in_Java, id=4884, stack(0x00007fe27117e000,0x00007fe27157f000)]

Stack: [0x00007fe27117e000,0x00007fe27157f000],  sp=0x00007fe27157cb10,  free space=4090k
Native frames: (J=compiled Java code, j=interpreted, Vv=VM code, C=native code)
V  [libjvm.so+0xacb58a]  VMError::report_and_die()+0x2ba
V  [libjvm.so+0x4ff069]  report_fatal(char const*, int, char const*)+0x59
V  [libjvm.so+0x9c6b2a]  SharedRuntime::continuation_for_implicit_exception(JavaThread*, unsigned char*, SharedRuntime::ImplicitExceptionKind)+0x33a
V  [libjvm.so+0x92edba]  JVM_handle_linux_signal+0x48a
V  [libjvm.so+0x924fd3]  signalHandler(int, siginfo*, void*)+0x43
C  [libpthread.so.0+0x11390]
j  java.util.concurrent.ThreadPoolExecutor$Worker.run()V+5
j  java.lang.Thread.run()V+11
v  ~StubRoutines::call_stub
V  [libjvm.so+0x693e76]  JavaCalls::call_helper(JavaValue*, methodHandle*, JavaCallArguments*, Thread*)+0x1056
V  [libjvm.so+0x694381]  JavaCalls::call_virtual(JavaValue*, KlassHandle, Symbol*, Symbol*, JavaCallArguments*, Thread*)+0x321
V  [libjvm.so+0x694827]  JavaCalls::call_virtual(JavaValue*, Handle, KlassHandle, Symbol*, Symbol*, Thread*)+0x47
V  [libjvm.so+0x72fbb0]  thread_entry(JavaThread*, Thread*)+0xa0
V  [libjvm.so+0xa79b53]  JavaThread::thread_main_inner()+0x103
V  [libjvm.so+0xa79c9c]  JavaThread::run()+0x11c
V  [libjvm.so+0x92a728]  java_start(Thread*)+0x108
C  [libpthread.so.0+0x76ba]


---------------  P R O C E S S  ---------------

Java Threads: ( => current thread )
  0x00007fe234002800 JavaThread "scala-execution-context-global-40" daemon [_thread_blocked, id=4896, stack(0x00007fe244ddd000,0x00007fe2451de000)]
  0x00007fe230002800 JavaThread "scala-execution-context-global-39" daemon [_thread_blocked, id=4895, stack(0x00007fe2451de000,0x00007fe2455df000)]
  0x00007fe23c005000 JavaThread "scala-execution-context-global-38" daemon [_thread_blocked, id=4894, stack(0x00007fe2455df000,0x00007fe2459e0000)]
  0x00007fe234001000 JavaThread "scala-execution-context-global-37" daemon [_thread_blocked, id=4893, stack(0x00007fe2459e0000,0x00007fe245de1000)]
  0x00007fe230001000 JavaThread "scala-execution-context-global-36" daemon [_thread_blocked, id=4892, stack(0x00007fe245de1000,0x00007fe2461e2000)]
  0x00007fe23c003800 JavaThread "scala-execution-context-global-35" daemon [_thread_blocked, id=4891, stack(0x00007fe2461e2000,0x00007fe2465e3000)]
  0x00007fe23c002000 JavaThread "scala-execution-context-global-34" daemon [_thread_blocked, id=4890, stack(0x00007fe2465e3000,0x00007fe2469e4000)]
  0x00007fe2500ad800 JavaThread "scala-execution-context-global-33" daemon [_thread_blocked, id=4889, stack(0x00007fe2469e4000,0x00007fe246de5000)]
=>0x00007fe2db799800 JavaThread "pool-3-thread-6" [_thread_in_Java, id=4884, stack(0x00007fe27117e000,0x00007fe27157f000)]
  0x00007fe2da5dc000 JavaThread "process reaper" daemon [_thread_blocked, id=4864, stack(0x00007fe27c07d000,0x00007fe27c0b6000)]
  0x00007fe2da1fd000 JavaThread "Log4j2-TF-1-AsyncLogger[AsyncContext@6500df86]-1" daemon [_thread_in_vm, id=4862, stack(0x00007fe2737f6000,0x00007fe273bf7000)]
  0x00007fe2d82a4800 JavaThread "Service Thread" daemon [_thread_blocked, id=4860, stack(0x00007fe27fbff000,0x00007fe280000000)]
  0x00007fe2d8291800 JavaThread "C1 CompilerThread3" daemon [_thread_blocked, id=4859, stack(0x00007fe2ac120000,0x00007fe2ac221000)]
  0x00007fe2d828f800 JavaThread "C2 CompilerThread2" daemon [_thread_in_vm, id=4858, stack(0x00007fe2ac221000,0x00007fe2ac322000)]
  0x00007fe2d828d000 JavaThread "C2 CompilerThread1" daemon [_thread_in_native, id=4857, stack(0x00007fe2ac322000,0x00007fe2ac423000)]
  0x00007fe2d828b000 JavaThread "C2 CompilerThread0" daemon [_thread_blocked, id=4856, stack(0x00007fe2ac423000,0x00007fe2ac524000)]
  0x00007fe2d8289000 JavaThread "Signal Dispatcher" daemon [_thread_blocked, id=4855, stack(0x00007fe2ac524000,0x00007fe2ac925000)]
  0x00007fe2d8287800 JavaThread "Surrogate Locker Thread (Concurrent GC)" daemon [_thread_blocked, id=4854, stack(0x00007fe2ac925000,0x00007fe2acd26000)]
  0x00007fe2d8254000 JavaThread "Finalizer" daemon [_thread_blocked, id=4853, stack(0x00007fe2acffe000,0x00007fe2ad3ff000)]
  0x00007fe2d824f800 JavaThread "Reference Handler" daemon [_thread_blocked, id=4852, stack(0x00007fe2ad3ff000,0x00007fe2ad800000)]
  0x00007fe2d800a000 JavaThread "main" [_thread_blocked, id=4839, stack(0x00007fe2dff52000,0x00007fe2e0353000)]

Other Threads:
  0x00007fe2d8248000 VMThread [stack: 0x00007fe2dc0f8000,0x00007fe2dc1f9000] [id=4851]
  0x00007fe2d82a7800 WatcherThread [stack: 0x00007fe2ac01f000,0x00007fe2ac120000] [id=4861]

VM state:synchronizing (normal execution)

VM Mutex/Monitor currently owned by a thread:  ([mutex/lock_event])
[0x00007fe2d80060f0] Safepoint_lock - owner thread: 0x00007fe2d8248000
[0x00007fe2d8006170] Threads_lock - owner thread: 0x00007fe2d8248000
[0x00007fe2d80066f0] Heap_lock - owner thread: 0x00007fe2d800a000

Heap:
 par new generation   total 314560K, used 248094K [0x00000000c0000000, 0x00000000d5550000, 0x00000000d5550000)
  eden space 279616K,  76% used [0x00000000c0000000, 0x00000000cd027bc0, 0x00000000d1110000)
  from space 34944K,  99% used [0x00000000d3330000, 0x00000000d554fff0, 0x00000000d5550000)
  to   space 34944K,   0% used [0x00000000d1110000, 0x00000000d1110000, 0x00000000d3330000)
 concurrent mark-sweep generation total 699072K, used 2080K [0x00000000d5550000, 0x0000000100000000, 0x0000000100000000)
 Metaspace       used 53213K, capacity 59976K, committed 60012K, reserved 1101824K
  class space    used 7884K, capacity 8316K, committed 8336K, reserved 1048576K

Card table byte_map: [0x00007fe2de3ab000,0x00007fe2de5ac000] byte_map_base: 0x00007fe2dddab000

Marking Bits: (CMSBitMap*) 0x00007fe2d80937f8
 Bits: [0x00007fe2dcfa2000, 0x00007fe2dda4cc00)

Mod Union Table: (CMSBitMap*) 0x00007fe2d80938b8
 Bits: [0x00007fe2e212f000, 0x00007fe2e2159ab0)

Polling page: 0x00007fe2e2278000

CodeCache: size=131072Kb used=13893Kb max_used=14544Kb free=117178Kb
 bounds [0x00007fe2d0000000, 0x00007fe2d0e60000, 0x00007fe2d8000000]
 total_blobs=5782 nmethods=5199 adapters=492
 compilation: enabled

Compilation events (10 events):
Event: 4.828 Thread 0x00007fe2d8291800 nmethod 6097 0x00007fe2d0be7a90 code [0x00007fe2d0be7c20, 0x00007fe2d0be7f28]
Event: 4.828 Thread 0x00007fe2d8291800 6093       3       java.util.IdentityHashMap$EntryIterator::next (22 bytes)
Event: 4.828 Thread 0x00007fe2d8291800 nmethod 6093 0x00007fe2d034ee90 code [0x00007fe2d034f020, 0x00007fe2d034f3e8]
Event: 4.828 Thread 0x00007fe2d8291800 6098       1       sbt.Keys$::transformState (5 bytes)
Event: 4.828 Thread 0x00007fe2d8291800 nmethod 6098 0x00007fe2d0c4a590 code [0x00007fe2d0c4a6e0, 0x00007fe2d0c4a7f0]
Event: 4.828 Thread 0x00007fe2d8291800 6099       3       sbt.internal.util.TypeFunctions$$Lambda$47/173099767::apply (9 bytes)
Event: 4.828 Thread 0x00007fe2d8291800 nmethod 6099 0x00007fe2d08551d0 code [0x00007fe2d0855340, 0x00007fe2d08554f0]
Event: 4.830 Thread 0x00007fe2d828f800 6100       4       scala.collection.TraversableOnce::toArray (45 bytes)
Event: 4.831 Thread 0x00007fe2d8291800 6101       3       java.util.concurrent.SynchronousQueue$TransferStack$SNode::isCancelled (14 bytes)
Event: 4.832 Thread 0x00007fe2d8291800 nmethod 6101 0x00007fe2d0bf3690 code [0x00007fe2d0bf3800, 0x00007fe2d0bf39b0]

GC Heap History (2 events):
Event: 3.222 GC heap before
{Heap before GC invocations=0 (full 1):
 par new generation   total 314560K, used 279616K [0x00000000c0000000, 0x00000000d5550000, 0x00000000d5550000)
  eden space 279616K, 100% used [0x00000000c0000000, 0x00000000d1110000, 0x00000000d1110000)
  from space 34944K,   0% used [0x00000000d1110000, 0x00000000d1110000, 0x00000000d3330000)
  to   space 34944K,   0% used [0x00000000d3330000, 0x00000000d3330000, 0x00000000d5550000)
 concurrent mark-sweep generation total 699072K, used 0K [0x00000000d5550000, 0x0000000100000000, 0x0000000100000000)
 Metaspace       used 44048K, capacity 48936K, committed 49184K, reserved 1091584K
  class space    used 6397K, capacity 6701K, committed 6804K, reserved 1048576K
Event: 3.255 GC heap after
Heap after GC invocations=1 (full 1):
 par new generation   total 314560K, used 34943K [0x00000000c0000000, 0x00000000d5550000, 0x00000000d5550000)
  eden space 279616K,   0% used [0x00000000c0000000, 0x00000000c0000000, 0x00000000d1110000)
  from space 34944K,  99% used [0x00000000d3330000, 0x00000000d554fff0, 0x00000000d5550000)
  to   space 34944K,   0% used [0x00000000d1110000, 0x00000000d1110000, 0x00000000d3330000)
 concurrent mark-sweep generation total 699072K, used 2080K [0x00000000d5550000, 0x0000000100000000, 0x0000000100000000)
 Metaspace       used 44048K, capacity 48936K, committed 49184K, reserved 1091584K
  class space    used 6397K, capacity 6701K, committed 6804K, reserved 1048576K
}

Deoptimization events (10 events):
Event: 4.726 Thread 0x00007fe2db795800 Uncommon trap: reason=bimorphic action=maybe_recompile pc=0x00007fe2d0a87afc method=scala.collection.TraversableLike.$anonfun$filterImpl$1(Lscala/Function1;ZLscala/collection/mutable/Builder;Ljava/lang/Object;)Ljava/lang/Object; @ 16
Event: 4.727 Thread 0x00007fe2db795800 Uncommon trap: reason=unstable_if action=reinterpret pc=0x00007fe2d0c2cd3c method=scala.collection.mutable.ArrayBuilder$ofRef.ensureSize(I)V @ 5
Event: 4.727 Thread 0x00007fe2db795800 Uncommon trap: reason=unstable_if action=reinterpret pc=0x00007fe2d0c94b78 method=scala.collection.mutable.ArrayBuilder$ofRef.result()[Ljava/lang/Object; @ 16
Event: 4.794 Thread 0x00007fe2db795800 Uncommon trap: reason=unstable_if action=reinterpret pc=0x00007fe2d064886c method=java.lang.ThreadLocal$ThreadLocalMap.getEntry(Ljava/lang/ThreadLocal;)Ljava/lang/ThreadLocal$ThreadLocalMap$Entry; @ 29
Event: 4.813 Thread 0x00007fe2db795800 Uncommon trap: reason=class_check action=maybe_recompile pc=0x00007fe2d0b21e48 method=scala.collection.IndexedSeqOptimized.foldLeft(Ljava/lang/Object;Lscala/Function2;)Ljava/lang/Object; @ 2
Event: 4.814 Thread 0x00007fe2db795800 Uncommon trap: reason=unstable_if action=reinterpret pc=0x00007fe2d0d22bc0 method=sjsonnew.Unbuilder.beginArray(Ljava/lang/Object;)I @ 14
Event: 4.815 Thread 0x00007fe2db795800 Uncommon trap: reason=speculate_class_check action=maybe_recompile pc=0x00007fe2d0d32634 method=sjsonnew.Unbuilder.endArray()V @ 33
Event: 4.817 Thread 0x00007fe2db795800 Uncommon trap: reason=unstable_if action=reinterpret pc=0x00007fe2d0dce378 method=sjsonnew.Builder.beginArray()V @ 12
Event: 4.817 Thread 0x00007fe2db795800 Uncommon trap: reason=class_check action=maybe_recompile pc=0x00007fe2d0ded91c method=sjsonnew.Builder.endArray()V @ 52
Event: 4.829 Thread 0x00007fe2d800a000 Uncommon trap: reason=class_check action=maybe_recompile pc=0x00007fe2d0b21e48 method=scala.collection.IndexedSeqOptimized.foldLeft(Ljava/lang/Object;Lscala/Function2;)Ljava/lang/Object; @ 2

Internal exceptions (10 events):
Event: 4.565 Thread 0x00007fe234001000 Exception <a 'java/lang/NoSuchMethodError': java.lang.Object.$anonfun$tryLeaf$2(Lscala/collection/parallel/Task;)V> (0x00000000cc173300) thrown at [/HUDSON/workspace/8-2-build-linux-amd64/jdk8u151/9699/hotspot/src/share/vm/interpreter/linkResolver.cpp, li
Event: 4.565 Thread 0x00007fe23c005000 Exception <a 'java/lang/NoSuchMethodError': java.lang.Object.$anonfun$tryLeaf$2(Lscala/collection/parallel/Task;)V> (0x00000000cc263f48) thrown at [/HUDSON/workspace/8-2-build-linux-amd64/jdk8u151/9699/hotspot/src/share/vm/interpreter/linkResolver.cpp, li
Event: 4.565 Thread 0x00007fe230002800 Exception <a 'java/lang/NoSuchMethodError': java.lang.Object.$anonfun$tryLeaf$2(Lscala/collection/parallel/Task;)V> (0x00000000cc442600) thrown at [/HUDSON/workspace/8-2-build-linux-amd64/jdk8u151/9699/hotspot/src/share/vm/interpreter/linkResolver.cpp, li
Event: 4.566 Thread 0x00007fe230001000 Exception <a 'java/lang/NoSuchMethodError': java.lang.Object.$anonfun$tryLeaf$2(Lscala/collection/parallel/Task;)V> (0x00000000cc0828d8) thrown at [/HUDSON/workspace/8-2-build-linux-amd64/jdk8u151/9699/hotspot/src/share/vm/interpreter/linkResolver.cpp, li
Event: 4.566 Thread 0x00007fe234002800 Exception <a 'java/lang/NoSuchMethodError': java.lang.Object.$anonfun$tryLeaf$2(Lscala/collection/parallel/Task;)V> (0x00000000cc354ac8) thrown at [/HUDSON/workspace/8-2-build-linux-amd64/jdk8u151/9699/hotspot/src/share/vm/interpreter/linkResolver.cpp, li
Event: 4.711 Thread 0x00007fe2500ad800 Exception <a 'java/lang/NoSuchMethodError': java.lang.Object.$anonfun$splitWithSignalling$2$adapted(Lscala/collection/parallel/SeqSplitter;Lscala/collection/parallel/SeqSplitter;)Ljava/lang/Object;> (0x00000000cbdd1750) thrown at [/HUDSON/workspace/8-2-bu
Event: 4.712 Thread 0x00007fe2500ad800 Exception <a 'java/lang/NoSuchMethodError': java.lang.Object.$anonfun$scanLeft$1(Lscala/Function2;Lscala/collection/mutable/Builder;Lscala/runtime/ObjectRef;Ljava/lang/Object;)Lscala/collection/mutable/Builder;> (0x00000000cbddc408) thrown at [/HUDSON/wor
Event: 4.786 Thread 0x00007fe2db795800 Exception <a 'java/lang/NoSuchMethodError': java.lang.Object.$anonfun$toSet$1(Lscala/collection/mutable/Builder;Ljava/lang/Object;)Lscala/collection/mutable/Builder;> (0x00000000ccd90980) thrown at [/HUDSON/workspace/8-2-build-linux-amd64/jdk8u151/9699/ho
Event: 4.790 Thread 0x00007fe2db795800 Exception <a 'java/lang/NoSuchMethodError': java.lang.Object.$anonfun$setAsJavaSetConverter$1(Lscala/collection/convert/DecorateAsJava;Lscala/collection/Set;)Ljava/util/Set;> (0x00000000ccde9188) thrown at [/HUDSON/workspace/8-2-build-linux-amd64/jdk8u151
Event: 4.791 Thread 0x00007fe2db795800 Exception <a 'java/lang/NoSuchMethodError': java.lang.Object.$anonfun$asScalaIteratorConverter$1(Lscala/collection/convert/DecorateAsScala;Ljava/util/Iterator;)Lscala/collection/Iterator;> (0x00000000ccdf3508) thrown at [/HUDSON/workspace/8-2-build-linux-

Events (10 events):
Event: 4.831 Thread 0x00007fe2db795800 Thread exited: 0x00007fe2db795800
Event: 4.831 Thread 0x00007fe2db789000 Thread exited: 0x00007fe2db789000
Event: 4.832 Thread 0x00007fe2db792800 Thread exited: 0x00007fe2db792800
Event: 4.832 Thread 0x00007fe2db793800 Thread exited: 0x00007fe2db793800
Event: 4.832 Thread 0x00007fe2db794800 Thread exited: 0x00007fe2db794800
Event: 4.832 Thread 0x00007fe25000f000 Thread exited: 0x00007fe25000f000
Event: 4.832 Thread 0x00007fe2db79a800 Thread exited: 0x00007fe2db79a800
Event: 4.832 Thread 0x00007fe2db79b800 Thread exited: 0x00007fe2db79b800
Event: 4.832 loading class scala/Function0
Event: 4.832 loading class scala/Function0 done


Dynamic libraries:
00400000-00401000 r-xp 00000000 103:02 34996                             /usr/lib/jvm/java-8-oracle/jre/bin/java
00600000-00601000 rw-p 00000000 103:02 34996                             /usr/lib/jvm/java-8-oracle/jre/bin/java
014c9000-014ea000 rw-p 00000000 00:00 0                                  [heap]
c0000000-100824000 rw-p 00000000 00:00 0 
100824000-140000000 ---p 00000000 00:00 0 
7fe218000000-7fe218021000 rw-p 00000000 00:00 0 
7fe218021000-7fe21c000000 ---p 00000000 00:00 0 
7fe220000000-7fe220021000 rw-p 00000000 00:00 0 
7fe220021000-7fe224000000 ---p 00000000 00:00 0 
7fe224000000-7fe224021000 rw-p 00000000 00:00 0 
7fe224021000-7fe228000000 ---p 00000000 00:00 0 
7fe228000000-7fe228021000 rw-p 00000000 00:00 0 
7fe228021000-7fe22c000000 ---p 00000000 00:00 0 
7fe22c000000-7fe22c021000 rw-p 00000000 00:00 0 
7fe22c021000-7fe230000000 ---p 00000000 00:00 0 
7fe230000000-7fe230021000 rw-p 00000000 00:00 0 
7fe230021000-7fe234000000 ---p 00000000 00:00 0 
7fe234000000-7fe234021000 rw-p 00000000 00:00 0 
7fe234021000-7fe238000000 ---p 00000000 00:00 0 
7fe238000000-7fe238021000 rw-p 00000000 00:00 0 
7fe238021000-7fe23c000000 ---p 00000000 00:00 0 
7fe23c000000-7fe23c021000 rw-p 00000000 00:00 0 
7fe23c021000-7fe240000000 ---p 00000000 00:00 0 
7fe240000000-7fe240021000 rw-p 00000000 00:00 0 
7fe240021000-7fe244000000 ---p 00000000 00:00 0 
7fe244bdd000-7fe244c5d000 rw-p 00000000 00:00 0 
7fe244c5d000-7fe244ddd000 ---p 00000000 00:00 0 
7fe244ddd000-7fe244de0000 ---p 00000000 00:00 0 
7fe244de0000-7fe2451de000 rw-p 00000000 00:00 0 
7fe2451de000-7fe2451e1000 ---p 00000000 00:00 0 
7fe2451e1000-7fe2455df000 rw-p 00000000 00:00 0 
7fe2455df000-7fe2455e2000 ---p 00000000 00:00 0 
7fe2455e2000-7fe2459e0000 rw-p 00000000 00:00 0 
7fe2459e0000-7fe2459e3000 ---p 00000000 00:00 0 
7fe2459e3000-7fe245de1000 rw-p 00000000 00:00 0 
7fe245de1000-7fe245de4000 ---p 00000000 00:00 0 
7fe245de4000-7fe2461e2000 rw-p 00000000 00:00 0 
7fe2461e2000-7fe2461e5000 ---p 00000000 00:00 0 
7fe2461e5000-7fe2465e3000 rw-p 00000000 00:00 0 
7fe2465e3000-7fe2465e6000 ---p 00000000 00:00 0 
7fe2465e6000-7fe2469e4000 rw-p 00000000 00:00 0 
7fe2469e4000-7fe2469e7000 ---p 00000000 00:00 0 
7fe2469e7000-7fe246fe5000 rw-p 00000000 00:00 0 
7fe246fe5000-7fe246ffd000 r-xp 00000000 103:02 10620430                  /tmp/jna--1303045878/jna9085649129988909650.tmp (deleted)
7fe246ffd000-7fe2471fd000 ---p 00018000 103:02 10620430                  /tmp/jna--1303045878/jna9085649129988909650.tmp (deleted)
7fe2471fd000-7fe2471fe000 rw-p 00018000 103:02 10620430                  /tmp/jna--1303045878/jna9085649129988909650.tmp (deleted)
7fe2471fe000-7fe2473fe000 rw-p 00000000 00:00 0 
7fe2473fe000-7fe2475fe000 rw-p 00000000 00:00 0 
7fe2475fe000-7fe247601000 ---p 00000000 00:00 0 
7fe247601000-7fe247bff000 rw-p 00000000 00:00 0 
7fe247bff000-7fe247c02000 ---p 00000000 00:00 0 
7fe247c02000-7fe248000000 rw-p 00000000 00:00 0 
7fe248000000-7fe248021000 rw-p 00000000 00:00 0 
7fe248021000-7fe24c000000 ---p 00000000 00:00 0 
7fe24c000000-7fe24c030000 rw-p 00000000 00:00 0 
7fe24c030000-7fe250000000 ---p 00000000 00:00 0 
7fe250000000-7fe250177000 rw-p 00000000 00:00 0 
7fe250177000-7fe254000000 ---p 00000000 00:00 0 
7fe254000000-7fe254021000 rw-p 00000000 00:00 0 
7fe254021000-7fe258000000 ---p 00000000 00:00 0 
7fe258000000-7fe258022000 rw-p 00000000 00:00 0 
7fe258022000-7fe25c000000 ---p 00000000 00:00 0 
7fe25c000000-7fe25c367000 rw-p 00000000 00:00 0 
7fe25c367000-7fe260000000 ---p 00000000 00:00 0 
7fe260000000-7fe260021000 rw-p 00000000 00:00 0 
7fe260021000-7fe264000000 ---p 00000000 00:00 0 
7fe264000000-7fe264021000 rw-p 00000000 00:00 0 
7fe264021000-7fe268000000 ---p 00000000 00:00 0 
7fe268000000-7fe268021000 rw-p 00000000 00:00 0 
7fe268021000-7fe26c000000 ---p 00000000 00:00 0 
7fe26c000000-7fe26c021000 rw-p 00000000 00:00 0 
7fe26c021000-7fe270000000 ---p 00000000 00:00 0 
7fe27017a000-7fe27017d000 ---p 00000000 00:00 0 
7fe27017d000-7fe27057b000 rw-p 00000000 00:00 0 
7fe27057b000-7fe27057e000 ---p 00000000 00:00 0 
7fe27057e000-7fe27097c000 rw-p 00000000 00:00 0 
7fe27097c000-7fe27097f000 ---p 00000000 00:00 0 
7fe27097f000-7fe270d7d000 rw-p 00000000 00:00 0 
7fe270d7d000-7fe270d80000 ---p 00000000 00:00 0 
7fe270d80000-7fe27117e000 rw-p 00000000 00:00 0 
7fe27117e000-7fe271181000 ---p 00000000 00:00 0 
7fe271181000-7fe27157f000 rw-p 00000000 00:00 0 
7fe27157f000-7fe271582000 ---p 00000000 00:00 0 
7fe271582000-7fe271980000 rw-p 00000000 00:00 0 
7fe271980000-7fe271983000 ---p 00000000 00:00 0 
7fe271983000-7fe271f81000 rw-p 00000000 00:00 0 
7fe271f81000-7fe272181000 rw-p 00000000 00:00 0 
7fe272181000-7fe272381000 rw-p 00000000 00:00 0 
7fe2723f6000-7fe2725f6000 rw-p 00000000 00:00 0 
7fe2725f6000-7fe2727f6000 rw-p 00000000 00:00 0 
7fe2727f6000-7fe2729f6000 rw-p 00000000 00:00 0 
7fe2729f6000-7fe272bf6000 rw-p 00000000 00:00 0 
7fe272bf6000-7fe272df6000 rw-p 00000000 00:00 0 
7fe272df6000-7fe272ff6000 rw-p 00000000 00:00 0 
7fe272ff6000-7fe2731f6000 rw-p 00000000 00:00 0 
7fe2731f6000-7fe2733ed000 rw-p 00000000 00:00 0 
7fe2733ed000-7fe2733f6000 ---p 00000000 00:00 0 
7fe2733f6000-7fe2735f6000 rw-p 00000000 00:00 0 
7fe2735f6000-7fe2737f6000 rw-p 00000000 00:00 0 
7fe2737f6000-7fe2737f9000 ---p 00000000 00:00 0 
7fe2737f9000-7fe273df7000 rw-p 00000000 00:00 0 
7fe273df7000-7fe273e00000 r-xp 00000000 103:02 44129                     /usr/lib/jvm/java-8-oracle/jre/lib/amd64/libmanagement.so
7fe273e00000-7fe273fff000 ---p 00009000 103:02 44129                     /usr/lib/jvm/java-8-oracle/jre/lib/amd64/libmanagement.so
7fe273fff000-7fe274000000 rw-p 00008000 103:02 44129                     /usr/lib/jvm/java-8-oracle/jre/lib/amd64/libmanagement.so
7fe274000000-7fe274021000 rw-p 00000000 00:00 0 
7fe274021000-7fe278000000 ---p 00000000 00:00 0 
7fe278000000-7fe2784ef000 rw-p 00000000 00:00 0 
7fe2784ef000-7fe27c000000 ---p 00000000 00:00 0 
7fe27c003000-7fe27c07d000 r--s 010f7000 103:02 26034                     /usr/lib/jvm/java-8-oracle/lib/tools.jar
7fe27c07d000-7fe27c080000 ---p 00000000 00:00 0 
7fe27c080000-7fe27c0b6000 rw-p 00000000 00:00 0 
7fe27c0b6000-7fe27c0b7000 r--p 00000000 103:02 167721                    /usr/share/locale-langpack/en_GB/LC_MESSAGES/libc.mo
7fe27c0b7000-7fe27c0bc000 r--s 0009a000 103:02 35114                     /usr/lib/jvm/java-8-oracle/jre/lib/jsse.jar
7fe27c0bc000-7fe27c0d7000 r--s 001d3000 103:02 42487                     /usr/lib/jvm/java-8-oracle/jre/lib/ext/nashorn.jar
7fe27c0d7000-7fe27c0e1000 r--s 000ac000 103:02 8261493                   /home/ddcn32576/.sbt/boot/scala-2.12.4/org.scala-sbt/sbt/1.1.4/librarymanagement-core_2.12-1.1.4.jar
7fe27c0e1000-7fe27c0e3000 r--s 0002d000 103:02 8261496                   /home/ddcn32576/.sbt/boot/scala-2.12.4/org.scala-sbt/sbt/1.1.4/util-cache_2.12-1.1.3.jar
7fe27c0e3000-7fe27c0e4000 r--s 0000e000 103:02 8261509                   /home/ddcn32576/.sbt/boot/scala-2.12.4/org.scala-sbt/sbt/1.1.4/zinc_2.12-1.1.5.jar
7fe27c0e4000-7fe27c0e6000 r--s 00011000 103:02 8261336                   /home/ddcn32576/.sbt/boot/scala-2.12.4/org.scala-sbt/sbt/1.1.4/zinc-classpath_2.12-1.1.5.jar
7fe27c0e6000-7fe27c100000 r--s 0021e000 103:02 8261447                   /home/ddcn32576/.sbt/boot/scala-2.12.4/org.scala-sbt/sbt/1.1.4/jna-platform-4.5.0.jar
7fe27c100000-7fe27c101000 r--s 0000b000 103:02 8261465                   /home/ddcn32576/.sbt/boot/scala-2.12.4/org.scala-sbt/sbt/1.1.4/zinc-ivy-integration_2.12-1.1.5.jar
7fe27c101000-7fe27c104000 r--s 00022000 103:02 8261478                   /home/ddcn32576/.sbt/boot/scala-2.12.4/org.scala-sbt/sbt/1.1.4/sbinary_2.12-0.4.4.jar
7fe27c104000-7fe27c105000 r--s 00007000 103:02 8261487                   /home/ddcn32576/.sbt/boot/scala-2.12.4/org.scala-sbt/sbt/1.1.4/okhttp-urlconnection-3.7.0.jar
7fe27c105000-7fe27c305000 rw-p 00000000 00:00 0 
7fe27c305000-7fe27c505000 rw-p 00000000 00:00 0 
7fe27c505000-7fe27c508000 r--s 0003c000 103:02 8261476                   /home/ddcn32576/.sbt/boot/scala-2.12.4/org.scala-sbt/sbt/1.1.4/completion_2.12-1.1.4.jar
7fe27c508000-7fe27c509000 r--s 00009000 103:02 8261341                   /home/ddcn32576/.sbt/boot/scala-2.12.4/org.scala-sbt/sbt/1.1.4/gigahorse-okhttp_2.12-0.3.0.jar
7fe27c509000-7fe27c50a000 r--s 00003000 103:02 8261470                   /home/ddcn32576/.sbt/boot/scala-2.12.4/org.scala-sbt/sbt/1.1.4/zinc-compile_2.12-1.1.5.jar
7fe27c50a000-7fe27c50c000 r--s 00012000 103:02 8261455                   /home/ddcn32576/.sbt/boot/scala-2.12.4/org.scala-sbt/sbt/1.1.4/core-macros_2.12-1.1.4.jar
7fe27c50c000-7fe27c510000 r--s 0003e000 103:02 8261490                   /home/ddcn32576/.sbt/boot/scala-2.12.4/org.scala-sbt/sbt/1.1.4/jline-2.14.4.jar
7fe27c510000-7fe27c516000 r--s 0005b000 103:02 8261479                   /home/ddcn32576/.sbt/boot/scala-2.12.4/org.scala-sbt/sbt/1.1.4/okhttp-3.7.0.jar
7fe27c516000-7fe27c716000 rw-p 00000000 00:00 0 
7fe27c716000-7fe27c719000 r--s 0003e000 103:02 8261507                   /home/ddcn32576/.sbt/boot/scala-2.12.4/org.scala-sbt/sbt/1.1.4/command_2.12-1.1.4.jar
7fe27c719000-7fe27c71a000 r--s 00005000 103:02 8261456                   /home/ddcn32576/.sbt/boot/scala-2.12.4/org.scala-sbt/sbt/1.1.4/log4j-slf4j-impl-2.8.1.jar
7fe27c71a000-7fe27c71c000 r--s 00024000 103:02 8261469                   /home/ddcn32576/.sbt/boot/scala-2.12.4/org.scala-sbt/sbt/1.1.4/zinc-apiinfo_2.12-1.1.5.jar
7fe27c71c000-7fe27c71d000 r--s 00000000 103:02 8261453                   /home/ddcn32576/.sbt/boot/scala-2.12.4/org.scala-sbt/sbt/1.1.4/util-interface-1.1.3.jar
7fe27c71d000-7fe27c72c000 r--s 0013d000 103:02 8261340                   /home/ddcn32576/.sbt/boot/scala-2.12.4/org.scala-sbt/sbt/1.1.4/protobuf-java-3.3.1.jar
7fe27c72c000-7fe27c72e000 r--s 00012000 103:02 8261463                   /home/ddcn32576/.sbt/boot/scala-2.12.4/org.scala-sbt/sbt/1.1.4/tasks_2.12-1.1.4.jar
7fe27c72e000-7fe27c732000 r--s 00013000 103:02 8261450                   /home/ddcn32576/.sbt/boot/scala-2.12.4/org.scala-sbt/sbt/1.1.4/compiler-interface-1.1.5.jar
7fe27c732000-7fe27c735000 r--s 00012000 103:02 8261462                   /home/ddcn32576/.sbt/boot/scala-2.12.4/org.scala-sbt/sbt/1.1.4/disruptor-3.3.6.jar
7fe27c735000-7fe27c737000 r--s 00008000 103:02 8261459                   /home/ddcn32576/.sbt/boot/scala-2.12.4/org.scala-sbt/sbt/1.1.4/sjson-new-scalajson_2.12-0.8.2.jar
7fe27c737000-7fe27c73b000 r--s 0004c000 103:02 8261475                   /home/ddcn32576/.sbt/boot/scala-2.12.4/org.scala-sbt/sbt/1.1.4/collections_2.12-1.1.4.jar
7fe27c73b000-7fe27c73f000 r--s 00047000 103:02 8261502                   /home/ddcn32576/.sbt/boot/scala-2.12.4/org.scala-sbt/sbt/1.1.4/fastparse_2.12-0.4.2.jar
7fe27c73f000-7fe27c742000 r--s 0001c000 103:02 8261484                   /home/ddcn32576/.sbt/boot/scala-2.12.4/org.scala-sbt/sbt/1.1.4/scalacache-core_2.12-0.20.0.jar
7fe27c742000-7fe27c746000 r--s 00040000 103:02 8261468                   /home/ddcn32576/.sbt/boot/scala-2.12.4/org.scala-sbt/sbt/1.1.4/io_2.12-1.1.6.jar
7fe27c746000-7fe27c748000 r--s 0000f000 103:02 8261499                   /home/ddcn32576/.sbt/boot/scala-2.12.4/org.scala-sbt/sbt/1.1.4/shaded-scalajson_2.12-1.0.0-M4.jar
7fe27c748000-7fe27c74b000 r--s 00033000 103:02 8261505                   /home/ddcn32576/.sbt/boot/scala-2.12.4/org.scala-sbt/sbt/1.1.4/zinc-compile-core_2.12-1.1.5.jar
7fe27c74b000-7fe27c74c000 r--s 00001000 103:02 8261449                   /home/ddcn32576/.sbt/boot/scala-2.12.4/org.scala-sbt/sbt/1.1.4/scalacache-caffeine_2.12-0.20.0.jar
7fe27c74c000-7fe27c74e000 r--s 00002000 103:02 8261338                   /home/ddcn32576/.sbt/boot/scala-2.12.4/org.scala-sbt/sbt/1.1.4/util-control_2.12-1.1.3.jar
7fe27c74e000-7fe27c764000 r--s 000e0000 103:02 8261460                   /home/ddcn32576/.sbt/boot/scala-2.12.4/org.scala-sbt/sbt/1.1.4/caffeine-2.5.6.jar
7fe27c764000-7fe27c766000 r--s 00007000 103:02 8261491                   /home/ddcn32576/.sbt/boot/scala-2.12.4/org.scala-sbt/sbt/1.1.4/lenses_2.12-0.4.12.jar
7fe27c766000-7fe27c768000 r--s 00007000 103:02 8261480                   /home/ddcn32576/.sbt/boot/scala-2.12.4/org.scala-sbt/sbt/1.1.4/util-tracking_2.12-1.1.3.jar
7fe27c768000-7fe27c76d000 r--s 00033000 103:02 8261444                   /home/ddcn32576/.sbt/boot/scala-2.12.4/org.scala-sbt/sbt/1.1.4/log4j-api-2.8.1.jar
7fe27c76d000-7fe27c771000 r--s 0004f000 103:02 8261458                   /home/ddcn32576/.sbt/boot/scala-2.12.4/org.scala-sbt/sbt/1.1.4/zinc-core_2.12-1.1.5.jar
7fe27c771000-7fe27c773000 r--s 00009000 103:02 8261501                   /home/ddcn32576/.sbt/boot/scala-2.12.4/org.scala-sbt/sbt/1.1.4/slf4j-api-1.7.25.jar
7fe27c773000-7fe27c777000 r--s 00039000 103:02 8261482                   /home/ddcn32576/.sbt/boot/scala-2.12.4/org.scala-sbt/sbt/1.1.4/util-logging_2.12-1.1.3.jar
7fe27c777000-7fe27c779000 r--s 0000e000 103:02 8261510                   /home/ddcn32576/.sbt/boot/scala-2.12.4/org.scala-sbt/sbt/1.1.4/fastparse-utils_2.12-0.4.2.jar
7fe27c779000-7fe27c77c000 r--s 00026000 103:02 8261494                   /home/ddcn32576/.sbt/boot/scala-2.12.4/org.scala-sbt/sbt/1.1.4/gigahorse-core_2.12-0.3.0.jar
7fe27c77c000-7fe27c789000 r--s 001a6000 103:02 8261486                   /home/ddcn32576/.sbt/boot/scala-2.12.4/org.scala-sbt/sbt/1.1.4/scalapb-runtime_2.12-0.6.0.jar
7fe27c789000-7fe27c78c000 r--s 0002d000 103:02 8261454                   /home/ddcn32576/.sbt/boot/scala-2.12.4/org.scala-sbt/sbt/1.1.4/testing_2.12-1.1.4.jar
7fe27c78c000-7fe27c794000 r--s 00094000 103:02 8261508                   /home/ddcn32576/.sbt/boot/scala-2.12.4/org.scala-sbt/sbt/1.1.4/main-settings_2.12-1.1.4.jar
7fe27c794000-7fe27c795000 r--s 0000e000 103:02 8261489                   /home/ddcn32576/.sbt/boot/scala-2.12.4/org.scala-sbt/sbt/1.1.4/sbt-1.1.4.jar
7fe27c795000-7fe27c7a2000 r--s 001ad000 103:02 8261473                   /home/ddcn32576/.sbt/boot/scala-2.12.4/org.scala-sbt/sbt/1.1.4/zinc-persist_2.12-1.1.5.jar
7fe27c7a2000-7fe27c7be000 r--s 0013b000 103:02 8261339                   /home/ddcn32576/.sbt/boot/scala-2.12.4/org.scala-sbt/sbt/1.1.4/log4j-core-2.8.1.jar
7fe27c7be000-7fe27c7bf000 r--s 00000000 103:02 8261467                   /home/ddcn32576/.sbt/boot/scala-2.12.4/org.scala-sbt/sbt/1.1.4/template-resolver-0.1.jar
7fe27c7bf000-7fe27c7c4000 r--s 00062000 103:02 8261464                   /home/ddcn32576/.sbt/boot/scala-2.12.4/org.scala-sbt/sbt/1.1.4/protocol_2.12-1.1.4.jar
7fe27c7c4000-7fe27c7c5000 r--s 00003000 103:02 8261498                   /home/ddcn32576/.sbt/boot/scala-2.12.4/org.scala-sbt/sbt/1.1.4/util-relation_2.12-1.1.3.jar
7fe27c7c5000-7fe27c7d0000 r--s 00199000 103:02 8261472                   /home/ddcn32576/.sbt/boot/scala-2.12.4/org.scala-sbt/sbt/1.1.4/main_2.12-1.1.4.jar
7fe27c7d0000-7fe27c7d6000 r--s 000bb000 103:02 8261504                   /home/ddcn32576/.sbt/boot/scala-2.12.4/org.scala-sbt/sbt/1.1.4/sjson-new-core_2.12-0.8.2.jar
7fe27c7d6000-7fe27c7e7000 r-xp 00000000 103:02 44124                     /usr/lib/jvm/java-8-oracle/jre/lib/amd64/libnio.so
7fe27c7e7000-7fe27c9e6000 ---p 00011000 103:02 44124                     /usr/lib/jvm/java-8-oracle/jre/lib/amd64/libnio.so
7fe27c9e6000-7fe27c9e7000 rw-p 00010000 103:02 44124                     /usr/lib/jvm/java-8-oracle/jre/lib/amd64/libnio.so
7fe27c9e7000-7fe27f9e8000 rw-p 00000000 00:00 0 
7fe27f9e8000-7fe27f9ff000 r-xp 00000000 103:02 44121                     /usr/lib/jvm/java-8-oracle/jre/lib/amd64/libnet.so
7fe27f9ff000-7fe27fbfe000 ---p 00017000 103:02 44121                     /usr/lib/jvm/java-8-oracle/jre/lib/amd64/libnet.so
7fe27fbfe000-7fe27fbff000 rw-p 00016000 103:02 44121                     /usr/lib/jvm/java-8-oracle/jre/lib/amd64/libnet.so
7fe27fbff000-7fe27fc02000 ---p 00000000 00:00 0 
7fe27fc02000-7fe280000000 rw-p 00000000 00:00 0 
7fe280000000-7fe280f9f000 rw-p 00000000 00:00 0 
7fe280f9f000-7fe284000000 ---p 00000000 00:00 0 
7fe284000000-7fe2852a7000 rw-p 00000000 00:00 0 
7fe2852a7000-7fe288000000 ---p 00000000 00:00 0 
7fe288000000-7fe288021000 rw-p 00000000 00:00 0 
7fe288021000-7fe28c000000 ---p 00000000 00:00 0 
7fe28c000000-7fe28ce8a000 rw-p 00000000 00:00 0 
7fe28ce8a000-7fe290000000 ---p 00000000 00:00 0 
7fe290000000-7fe290021000 rw-p 00000000 00:00 0 
7fe290021000-7fe294000000 ---p 00000000 00:00 0 
7fe294000000-7fe294021000 rw-p 00000000 00:00 0 
7fe294021000-7fe298000000 ---p 00000000 00:00 0 
7fe298000000-7fe298021000 rw-p 00000000 00:00 0 
7fe298021000-7fe29c000000 ---p 00000000 00:00 0 
7fe29c000000-7fe29c021000 rw-p 00000000 00:00 0 
7fe29c021000-7fe2a0000000 ---p 00000000 00:00 0 
7fe2a0000000-7fe2a0021000 rw-p 00000000 00:00 0 
7fe2a0021000-7fe2a4000000 ---p 00000000 00:00 0 
7fe2a4000000-7fe2a4021000 rw-p 00000000 00:00 0 
7fe2a4021000-7fe2a8000000 ---p 00000000 00:00 0 
7fe2a8000000-7fe2a8021000 rw-p 00000000 00:00 0 
7fe2a8021000-7fe2ac000000 ---p 00000000 00:00 0 
7fe2ac000000-7fe2ac001000 r--s 00000000 103:02 8261481                   /home/ddcn32576/.sbt/boot/scala-2.12.4/org.scala-sbt/sbt/1.1.4/reactive-streams-1.0.0.jar
7fe2ac001000-7fe2ac004000 r--s 00031000 103:02 8261483                   /home/ddcn32576/.sbt/boot/scala-2.12.4/org.scala-sbt/sbt/1.1.4/actions_2.12-1.1.4.jar
7fe2ac004000-7fe2ac006000 r--s 00012000 103:02 8261506                   /home/ddcn32576/.sbt/boot/scala-2.12.4/org.scala-sbt/sbt/1.1.4/okio-1.12.0.jar
7fe2ac006000-7fe2ac008000 r--s 00004000 103:02 8261488                   /home/ddcn32576/.sbt/boot/scala-2.12.4/org.scala-sbt/sbt/1.1.4/ipcsocket-1.0.0.jar
7fe2ac008000-7fe2ac009000 r--s 00002000 103:02 8261446                   /home/ddcn32576/.sbt/boot/scala-2.12.4/org.scala-sbt/sbt/1.1.4/launcher-interface-1.0.4.jar
7fe2ac009000-7fe2ac00a000 r--s 00001000 103:02 8261466                   /home/ddcn32576/.sbt/boot/scala-2.12.4/org.scala-sbt/sbt/1.1.4/sjson-new-murmurhash_2.12-0.8.2.jar
7fe2ac00a000-7fe2ac00f000 r--s 00031000 103:02 8261495                   /home/ddcn32576/.sbt/boot/scala-2.12.4/org.scala-sbt/sbt/1.1.4/config-1.2.0.jar
7fe2ac00f000-7fe2ac014000 r--s 00040000 103:02 8261471                   /home/ddcn32576/.sbt/boot/scala-2.12.4/org.scala-sbt/sbt/1.1.4/jsch-0.1.54.jar
7fe2ac014000-7fe2ac016000 r--s 00011000 103:02 8261461                   /home/ddcn32576/.sbt/boot/scala-2.12.4/org.scala-sbt/sbt/1.1.4/jawn-parser_2.12-0.10.4.jar
7fe2ac016000-7fe2ac01b000 r--s 00093000 103:02 8261500                   /home/ddcn32576/.sbt/boot/scala-2.12.4/org.scala-sbt/sbt/1.1.4/librarymanagement-ivy_2.12-1.1.4.jar
7fe2ac01b000-7fe2ac01f000 r--s 0015c000 103:02 8261485                   /home/ddcn32576/.sbt/boot/scala-2.12.4/org.scala-sbt/sbt/1.1.4/jna-4.5.0.jar
7fe2ac01f000-7fe2ac020000 ---p 00000000 00:00 0 
7fe2ac020000-7fe2ac120000 rw-p 00000000 00:00 0 
7fe2ac120000-7fe2ac123000 ---p 00000000 00:00 0 
7fe2ac123000-7fe2ac221000 rw-p 00000000 00:00 0 
7fe2ac221000-7fe2ac224000 ---p 00000000 00:00 0 
7fe2ac224000-7fe2ac322000 rw-p 00000000 00:00 0 
7fe2ac322000-7fe2ac325000 ---p 00000000 00:00 0 
7fe2ac325000-7fe2ac423000 rw-p 00000000 00:00 0 
7fe2ac423000-7fe2ac426000 ---p 00000000 00:00 0 
7fe2ac426000-7fe2ac524000 rw-p 00000000 00:00 0 
7fe2ac524000-7fe2ac527000 ---p 00000000 00:00 0 
7fe2ac527000-7fe2ac925000 rw-p 00000000 00:00 0 
7fe2ac925000-7fe2ac928000 ---p 00000000 00:00 0 
7fe2ac928000-7fe2acd26000 rw-p 00000000 00:00 0 
7fe2acd26000-7fe2acffe000 r--p 00000000 103:02 24528                     /usr/lib/locale/locale-archive
7fe2acffe000-7fe2ad001000 ---p 00000000 00:00 0 
7fe2ad001000-7fe2ad3ff000 rw-p 00000000 00:00 0 
7fe2ad3ff000-7fe2ad402000 ---p 00000000 00:00 0 
7fe2ad402000-7fe2b0000000 rw-p 00000000 00:00 0 
7fe2b0000000-7fe2b0021000 rw-p 00000000 00:00 0 
7fe2b0021000-7fe2b4000000 ---p 00000000 00:00 0 
7fe2b4000000-7fe2b4021000 rw-p 00000000 00:00 0 
7fe2b4021000-7fe2b8000000 ---p 00000000 00:00 0 
7fe2b8000000-7fe2b8021000 rw-p 00000000 00:00 0 
7fe2b8021000-7fe2bc000000 ---p 00000000 00:00 0 
7fe2bc000000-7fe2bc021000 rw-p 00000000 00:00 0 
7fe2bc021000-7fe2c0000000 ---p 00000000 00:00 0 
7fe2c0000000-7fe2c0021000 rw-p 00000000 00:00 0 
7fe2c0021000-7fe2c4000000 ---p 00000000 00:00 0 
7fe2c4000000-7fe2c4021000 rw-p 00000000 00:00 0 
7fe2c4021000-7fe2c8000000 ---p 00000000 00:00 0 
7fe2c8000000-7fe2c8021000 rw-p 00000000 00:00 0 
7fe2c8021000-7fe2cc000000 ---p 00000000 00:00 0 
7fe2cc000000-7fe2cc021000 rw-p 00000000 00:00 0 
7fe2cc021000-7fe2d0000000 ---p 00000000 00:00 0 
7fe2d0000000-7fe2d0e60000 rwxp 00000000 00:00 0 
7fe2d0e60000-7fe2d8000000 ---p 00000000 00:00 0 
7fe2d8000000-7fe2db79e000 rw-p 00000000 00:00 0 
7fe2db79e000-7fe2dc000000 ---p 00000000 00:00 0 
7fe2dc000000-7fe2dc015000 r--s 00101000 103:02 8261457                   /home/ddcn32576/.sbt/boot/scala-2.12.4/org.scala-sbt/sbt/1.1.4/ivy-2.3.0-sbt-b18f59ea3bc914a297bb6f1a4f7fb0ace399e310.jar
7fe2dc015000-7fe2dc037000 r--s 0034a000 103:02 8261445                   /home/ddcn32576/.sbt/boot/scala-2.12.4/org.scala-sbt/sbt/1.1.4/scala-reflect-2.12.4.jar
7fe2dc037000-7fe2dc06f000 r--s 004ca000 103:02 8390143                   /home/ddcn32576/.sbt/boot/scala-2.12.4/lib/scala-library.jar
7fe2dc06f000-7fe2dc0bb000 r--s 0090b000 103:02 8390145                   /home/ddcn32576/.sbt/boot/scala-2.12.4/lib/scala-compiler.jar
7fe2dc0bb000-7fe2dc0dd000 r--s 0034a000 103:02 8390146                   /home/ddcn32576/.sbt/boot/scala-2.12.4/lib/scala-reflect.jar
7fe2dc0dd000-7fe2dc0f8000 r--s 0010d000 103:02 208118                    /usr/share/sbt-launcher-packaging/bin/sbt-launch.jar
7fe2dc0f8000-7fe2dc0f9000 ---p 00000000 00:00 0 
7fe2dc0f9000-7fe2dc248000 rw-p 00000000 00:00 0 
7fe2dc248000-7fe2dc421000 r--s 03d5a000 103:02 35109                     /usr/lib/jvm/java-8-oracle/jre/lib/rt.jar
7fe2dc421000-7fe2dc497000 rw-p 00000000 00:00 0 
7fe2dc497000-7fe2dc498000 ---p 00000000 00:00 0 
7fe2dc498000-7fe2dcda0000 rw-p 00000000 00:00 0 
7fe2dcda0000-7fe2dcda1000 ---p 00000000 00:00 0 
7fe2dcda1000-7fe2dcea1000 rw-p 00000000 00:00 0 
7fe2dcea1000-7fe2dcea2000 ---p 00000000 00:00 0 
7fe2dcea2000-7fe2de5ab000 rw-p 00000000 00:00 0 
7fe2de5ab000-7fe2de5ac000 rw-p 00000000 00:00 0 
7fe2de5ac000-7fe2de5ad000 ---p 00000000 00:00 0 
7fe2de5ad000-7fe2de6ad000 rw-p 00000000 00:00 0 
7fe2de6ad000-7fe2de6ae000 ---p 00000000 00:00 0 
7fe2de6ae000-7fe2de7ae000 rw-p 00000000 00:00 0 
7fe2de7ae000-7fe2de7af000 ---p 00000000 00:00 0 
7fe2de7af000-7fe2de8af000 rw-p 00000000 00:00 0 
7fe2de8af000-7fe2de8b0000 ---p 00000000 00:00 0 
7fe2de8b0000-7fe2de9b0000 rw-p 00000000 00:00 0 
7fe2de9b0000-7fe2de9b1000 ---p 00000000 00:00 0 
7fe2de9b1000-7fe2deab1000 rw-p 00000000 00:00 0 
7fe2deab1000-7fe2deab2000 ---p 00000000 00:00 0 
7fe2deab2000-7fe2debb2000 rw-p 00000000 00:00 0 
7fe2debb2000-7fe2debb3000 ---p 00000000 00:00 0 
7fe2debb3000-7fe2deced000 rw-p 00000000 00:00 0 
7fe2deced000-7fe2deeb3000 ---p 00000000 00:00 0 
7fe2deeb3000-7fe2deece000 r-xp 00000000 103:02 44117                     /usr/lib/jvm/java-8-oracle/jre/lib/amd64/libzip.so
7fe2deece000-7fe2df0ce000 ---p 0001b000 103:02 44117                     /usr/lib/jvm/java-8-oracle/jre/lib/amd64/libzip.so
7fe2df0ce000-7fe2df0cf000 rw-p 0001b000 103:02 44117                     /usr/lib/jvm/java-8-oracle/jre/lib/amd64/libzip.so
7fe2df0cf000-7fe2df0da000 r-xp 00000000 103:02 9576138                   /lib/x86_64-linux-gnu/libnss_files-2.23.so
7fe2df0da000-7fe2df2d9000 ---p 0000b000 103:02 9576138                   /lib/x86_64-linux-gnu/libnss_files-2.23.so
7fe2df2d9000-7fe2df2da000 r--p 0000a000 103:02 9576138                   /lib/x86_64-linux-gnu/libnss_files-2.23.so
7fe2df2da000-7fe2df2db000 rw-p 0000b000 103:02 9576138                   /lib/x86_64-linux-gnu/libnss_files-2.23.so
7fe2df2db000-7fe2df2e1000 rw-p 00000000 00:00 0 
7fe2df2e1000-7fe2df2ec000 r-xp 00000000 103:02 9576142                   /lib/x86_64-linux-gnu/libnss_nis-2.23.so
7fe2df2ec000-7fe2df4eb000 ---p 0000b000 103:02 9576142                   /lib/x86_64-linux-gnu/libnss_nis-2.23.so
7fe2df4eb000-7fe2df4ec000 r--p 0000a000 103:02 9576142                   /lib/x86_64-linux-gnu/libnss_nis-2.23.so
7fe2df4ec000-7fe2df4ed000 rw-p 0000b000 103:02 9576142                   /lib/x86_64-linux-gnu/libnss_nis-2.23.so
7fe2df4ed000-7fe2df503000 r-xp 00000000 103:02 9576122                   /lib/x86_64-linux-gnu/libnsl-2.23.so
7fe2df503000-7fe2df702000 ---p 00016000 103:02 9576122                   /lib/x86_64-linux-gnu/libnsl-2.23.so
7fe2df702000-7fe2df703000 r--p 00015000 103:02 9576122                   /lib/x86_64-linux-gnu/libnsl-2.23.so
7fe2df703000-7fe2df704000 rw-p 00016000 103:02 9576122                   /lib/x86_64-linux-gnu/libnsl-2.23.so
7fe2df704000-7fe2df706000 rw-p 00000000 00:00 0 
7fe2df706000-7fe2df70e000 r-xp 00000000 103:02 9576133                   /lib/x86_64-linux-gnu/libnss_compat-2.23.so
7fe2df70e000-7fe2df90d000 ---p 00008000 103:02 9576133                   /lib/x86_64-linux-gnu/libnss_compat-2.23.so
7fe2df90d000-7fe2df90e000 r--p 00007000 103:02 9576133                   /lib/x86_64-linux-gnu/libnss_compat-2.23.so
7fe2df90e000-7fe2df90f000 rw-p 00008000 103:02 9576133                   /lib/x86_64-linux-gnu/libnss_compat-2.23.so
7fe2df90f000-7fe2df93a000 r-xp 00000000 103:02 44111                     /usr/lib/jvm/java-8-oracle/jre/lib/amd64/libjava.so
7fe2df93a000-7fe2dfb39000 ---p 0002b000 103:02 44111                     /usr/lib/jvm/java-8-oracle/jre/lib/amd64/libjava.so
7fe2dfb39000-7fe2dfb3b000 rw-p 0002a000 103:02 44111                     /usr/lib/jvm/java-8-oracle/jre/lib/amd64/libjava.so
7fe2dfb3b000-7fe2dfb48000 r-xp 00000000 103:02 44116                     /usr/lib/jvm/java-8-oracle/jre/lib/amd64/libverify.so
7fe2dfb48000-7fe2dfd48000 ---p 0000d000 103:02 44116                     /usr/lib/jvm/java-8-oracle/jre/lib/amd64/libverify.so
7fe2dfd48000-7fe2dfd4a000 rw-p 0000d000 103:02 44116                     /usr/lib/jvm/java-8-oracle/jre/lib/amd64/libverify.so
7fe2dfd4a000-7fe2dfd51000 r-xp 00000000 103:02 9576143                   /lib/x86_64-linux-gnu/librt-2.23.so
7fe2dfd51000-7fe2dff50000 ---p 00007000 103:02 9576143                   /lib/x86_64-linux-gnu/librt-2.23.so
7fe2dff50000-7fe2dff51000 r--p 00006000 103:02 9576143                   /lib/x86_64-linux-gnu/librt-2.23.so
7fe2dff51000-7fe2dff52000 rw-p 00007000 103:02 9576143                   /lib/x86_64-linux-gnu/librt-2.23.so
7fe2dff52000-7fe2dff55000 ---p 00000000 00:00 0 
7fe2dff55000-7fe2e0353000 rw-p 00000000 00:00 0 
7fe2e0353000-7fe2e045b000 r-xp 00000000 103:02 9576120                   /lib/x86_64-linux-gnu/libm-2.23.so
7fe2e045b000-7fe2e065a000 ---p 00108000 103:02 9576120                   /lib/x86_64-linux-gnu/libm-2.23.so
7fe2e065a000-7fe2e065b000 r--p 00107000 103:02 9576120                   /lib/x86_64-linux-gnu/libm-2.23.so
7fe2e065b000-7fe2e065c000 rw-p 00108000 103:02 9576120                   /lib/x86_64-linux-gnu/libm-2.23.so
7fe2e065c000-7fe2e132f000 r-xp 00000000 103:02 44094                     /usr/lib/jvm/java-8-oracle/jre/lib/amd64/server/libjvm.so
7fe2e132f000-7fe2e152e000 ---p 00cd3000 103:02 44094                     /usr/lib/jvm/java-8-oracle/jre/lib/amd64/server/libjvm.so
7fe2e152e000-7fe2e1608000 rw-p 00cd2000 103:02 44094                     /usr/lib/jvm/java-8-oracle/jre/lib/amd64/server/libjvm.so
7fe2e1608000-7fe2e1653000 rw-p 00000000 00:00 0 
7fe2e1653000-7fe2e1813000 r-xp 00000000 103:02 9576125                   /lib/x86_64-linux-gnu/libc-2.23.so
7fe2e1813000-7fe2e1a13000 ---p 001c0000 103:02 9576125                   /lib/x86_64-linux-gnu/libc-2.23.so
7fe2e1a13000-7fe2e1a17000 r--p 001c0000 103:02 9576125                   /lib/x86_64-linux-gnu/libc-2.23.so
7fe2e1a17000-7fe2e1a19000 rw-p 001c4000 103:02 9576125                   /lib/x86_64-linux-gnu/libc-2.23.so
7fe2e1a19000-7fe2e1a1d000 rw-p 00000000 00:00 0 
7fe2e1a1d000-7fe2e1a20000 r-xp 00000000 103:02 9576127                   /lib/x86_64-linux-gnu/libdl-2.23.so
7fe2e1a20000-7fe2e1c1f000 ---p 00003000 103:02 9576127                   /lib/x86_64-linux-gnu/libdl-2.23.so
7fe2e1c1f000-7fe2e1c20000 r--p 00002000 103:02 9576127                   /lib/x86_64-linux-gnu/libdl-2.23.so
7fe2e1c20000-7fe2e1c21000 rw-p 00003000 103:02 9576127                   /lib/x86_64-linux-gnu/libdl-2.23.so
7fe2e1c21000-7fe2e1c37000 r-xp 00000000 103:02 44089                     /usr/lib/jvm/java-8-oracle/jre/lib/amd64/jli/libjli.so
7fe2e1c37000-7fe2e1e36000 ---p 00016000 103:02 44089                     /usr/lib/jvm/java-8-oracle/jre/lib/amd64/jli/libjli.so
7fe2e1e36000-7fe2e1e37000 rw-p 00015000 103:02 44089                     /usr/lib/jvm/java-8-oracle/jre/lib/amd64/jli/libjli.so
7fe2e1e37000-7fe2e1e4f000 r-xp 00000000 103:02 9576124                   /lib/x86_64-linux-gnu/libpthread-2.23.so
7fe2e1e4f000-7fe2e204e000 ---p 00018000 103:02 9576124                   /lib/x86_64-linux-gnu/libpthread-2.23.so
7fe2e204e000-7fe2e204f000 r--p 00017000 103:02 9576124                   /lib/x86_64-linux-gnu/libpthread-2.23.so
7fe2e204f000-7fe2e2050000 rw-p 00018000 103:02 9576124                   /lib/x86_64-linux-gnu/libpthread-2.23.so
7fe2e2050000-7fe2e2054000 rw-p 00000000 00:00 0 
7fe2e2054000-7fe2e207a000 r-xp 00000000 103:02 9576123                   /lib/x86_64-linux-gnu/ld-2.23.so
7fe2e207a000-7fe2e207b000 r--s 0000c000 103:02 8261337                   /home/ddcn32576/.sbt/boot/scala-2.12.4/org.scala-sbt/sbt/1.1.4/zinc-classfile_2.12-1.1.5.jar
7fe2e207b000-7fe2e207f000 r--s 00038000 103:02 8261443                   /home/ddcn32576/.sbt/boot/scala-2.12.4/org.scala-sbt/sbt/1.1.4/ssl-config-core_2.12-0.2.2.jar
7fe2e207f000-7fe2e2080000 r--s 00005000 103:02 8261452                   /home/ddcn32576/.sbt/boot/scala-2.12.4/org.scala-sbt/sbt/1.1.4/test-agent-1.1.4.jar
7fe2e2080000-7fe2e2081000 r--s 00003000 103:02 8261497                   /home/ddcn32576/.sbt/boot/scala-2.12.4/org.scala-sbt/sbt/1.1.4/util-position_2.12-1.1.3.jar
7fe2e2081000-7fe2e2082000 r--s 00011000 103:02 8261344                   /home/ddcn32576/.sbt/boot/scala-2.12.4/org.scala-sbt/sbt/1.1.4/run_2.12-1.1.4.jar
7fe2e2082000-7fe2e2086000 r--s 00030000 103:02 8261477                   /home/ddcn32576/.sbt/boot/scala-2.12.4/org.scala-sbt/sbt/1.1.4/scala-parser-combinators_2.12-1.0.5.jar
7fe2e2086000-7fe2e2088000 r--s 00019000 103:02 8261474                   /home/ddcn32576/.sbt/boot/scala-2.12.4/org.scala-sbt/sbt/1.1.4/task-system_2.12-1.1.4.jar
7fe2e2088000-7fe2e208a000 r--s 0000b000 103:02 8261503                   /home/ddcn32576/.sbt/boot/scala-2.12.4/org.scala-sbt/sbt/1.1.4/logic_2.12-1.1.4.jar
7fe2e208a000-7fe2e2090000 r--s 00080000 103:02 8261342                   /home/ddcn32576/.sbt/boot/scala-2.12.4/org.scala-sbt/sbt/1.1.4/scala-xml_2.12-1.0.6.jar
7fe2e2090000-7fe2e215a000 rw-p 00000000 00:00 0 
7fe2e215a000-7fe2e215b000 ---p 00000000 00:00 0 
7fe2e215b000-7fe2e2260000 rw-p 00000000 00:00 0 
7fe2e2260000-7fe2e2262000 r--s 00002000 103:02 8261492                   /home/ddcn32576/.sbt/boot/scala-2.12.4/org.scala-sbt/sbt/1.1.4/test-interface-1.0.jar
7fe2e2262000-7fe2e2264000 r--s 00019000 103:02 8261448                   /home/ddcn32576/.sbt/boot/scala-2.12.4/org.scala-sbt/sbt/1.1.4/sourcecode_2.12-0.1.3.jar
7fe2e2264000-7fe2e2265000 r--s 00005000 103:02 8261451                   /home/ddcn32576/.sbt/boot/scala-2.12.4/org.scala-sbt/sbt/1.1.4/apple-file-events-1.3.0.jar
7fe2e2265000-7fe2e226b000 r--s 00080000 103:02 8390144                   /home/ddcn32576/.sbt/boot/scala-2.12.4/lib/scala-xml_2.12.jar
7fe2e226b000-7fe2e226f000 r--s 0003e000 103:02 8390142                   /home/ddcn32576/.sbt/boot/scala-2.12.4/lib/jline.jar
7fe2e226f000-7fe2e2277000 rw-s 00000000 103:02 9575171                   /tmp/hsperfdata_ddcn32576/4838
7fe2e2277000-7fe2e2278000 rw-p 00000000 00:00 0 
7fe2e2278000-7fe2e2279000 ---p 00000000 00:00 0 
7fe2e2279000-7fe2e227a000 r--p 00025000 103:02 9576123                   /lib/x86_64-linux-gnu/ld-2.23.so
7fe2e227a000-7fe2e227b000 rw-p 00026000 103:02 9576123                   /lib/x86_64-linux-gnu/ld-2.23.so
7fe2e227b000-7fe2e227c000 rw-p 00000000 00:00 0 
7ffe944b7000-7ffe944d9000 rw-p 00000000 00:00 0                          [stack]
7ffe945cc000-7ffe945cf000 r--p 00000000 00:00 0                          [vvar]
7ffe945cf000-7ffe945d1000 r-xp 00000000 00:00 0                          [vdso]
ffffffffff600000-ffffffffff601000 r-xp 00000000 00:00 0                  [vsyscall]

VM Arguments:
jvm_args: -Xmx4G -XX:+UseConcMarkSweepGC -XX:+CMSClassUnloadingEnabled -Xss4M -Duser.timezone=GMT -Xms1024m -Xmx1024m -XX:ReservedCodeCacheSize=128m -XX:MaxMetaspaceSize=256m 
java_command: /usr/share/sbt-launcher-packaging/bin/sbt-launch.jar test
java_class_path (initial): /usr/share/sbt-launcher-packaging/bin/sbt-launch.jar
Launcher Type: SUN_STANDARD

Environment Variables:
JAVA_HOME=/usr/lib/jvm/java-8-oracle
PATH=/usr/local/bin/chromium-driver:/usr/local/bin/firefox:/usr/local/heroku/bin:/home/ddcn32576/bin:/home/ddcn32576/.local/bin:/home/ddcn32576/.nvm/versions/node/v4.8.7/bin:/usr/local/bin/chromium-driver:/usr/local/bin/firefox:/usr/local/heroku/bin:/home/ddcn32576/bin:/home/ddcn32576/.local/bin:/usr/local/sbin:/usr/local/bin:/usr/sbin:/usr/bin:/sbin:/bin:/usr/games:/usr/local/games:/snap/bin:/usr/lib/jvm/java-8-oracle/bin:/usr/lib/jvm/java-8-oracle/db/bin:/usr/lib/jvm/java-8-oracle/jre/bin:/snap/bin:/usr/lib/jvm/java-8-oracle/bin:/usr/lib/jvm/java-8-oracle/db/bin:/usr/lib/jvm/java-8-oracle/jre/bin​​
SHELL=/bin/bash
DISPLAY=:0

Signal Handlers:
SIGSEGV: [libjvm.so+0xacbe10], sa_mask[0]=11111111011111111101111111111110, sa_flags=SA_RESTART|SA_SIGINFO
SIGBUS: [libjvm.so+0xacbe10], sa_mask[0]=11111111011111111101111111111110, sa_flags=SA_RESTART|SA_SIGINFO
SIGFPE: [libjvm.so+0x924f90], sa_mask[0]=11111111011111111101111111111110, sa_flags=SA_RESTART|SA_SIGINFO
SIGPIPE: [libjvm.so+0x924f90], sa_mask[0]=11111111011111111101111111111110, sa_flags=SA_RESTART|SA_SIGINFO
SIGXFSZ: [libjvm.so+0x924f90], sa_mask[0]=11111111011111111101111111111110, sa_flags=SA_RESTART|SA_SIGINFO
SIGILL: [libjvm.so+0x924f90], sa_mask[0]=11111111011111111101111111111110, sa_flags=SA_RESTART|SA_SIGINFO
SIGUSR1: SIG_DFL, sa_mask[0]=00000000000000000000000000000000, sa_flags=none
SIGUSR2: [libjvm.so+0x9267d0], sa_mask[0]=00100000000000000000000000000000, sa_flags=SA_RESTART|SA_SIGINFO
SIGHUP: [libjvm.so+0x927bd0], sa_mask[0]=11111111011111111101111111111110, sa_flags=SA_RESTART|SA_SIGINFO
SIGINT: [libjvm.so+0x927bd0], sa_mask[0]=11111111011111111101111111111110, sa_flags=SA_RESTART|SA_SIGINFO
SIGTERM: [libjvm.so+0x927bd0], sa_mask[0]=11111111011111111101111111111110, sa_flags=SA_RESTART|SA_SIGINFO
SIGQUIT: [libjvm.so+0x927bd0], sa_mask[0]=11111111011111111101111111111110, sa_flags=SA_RESTART|SA_SIGINFO


---------------  S Y S T E M  ---------------

OS:DISTRIB_ID=Ubuntu
DISTRIB_RELEASE=16.04
DISTRIB_CODENAME=xenial
DISTRIB_DESCRIPTION="Ubuntu 16.04.3 LTS"

uname:Linux 4.4.0-116-generic #140-Ubuntu SMP Mon Feb 12 21:23:04 UTC 2018 x86_64
libc:glibc 2.23 NPTL 2.23 
rlimit: STACK 8192k, CORE 0k, NPROC 62385, NOFILE 1048576, AS infinity
load average:0.88 0.38 0.21

/proc/meminfo:
MemTotal:       16253152 kB
MemFree:         8568920 kB
MemAvailable:   11434704 kB
Buffers:          391840 kB
Cached:          3282936 kB
SwapCached:            0 kB
Active:          5198520 kB
Inactive:        1943896 kB
Active(anon):    3471308 kB
Inactive(anon):   771768 kB
Active(file):    1727212 kB
Inactive(file):  1172128 kB
Unevictable:         224 kB
Mlocked:             224 kB
SwapTotal:      16594940 kB
SwapFree:       16594940 kB
Dirty:             23740 kB
Writeback:             0 kB
AnonPages:       3468088 kB
Mapped:           671740 kB
Shmem:            775440 kB
Slab:             366856 kB
SReclaimable:     312820 kB
SUnreclaim:        54036 kB
KernelStack:       12496 kB
PageTables:        46196 kB
NFS_Unstable:          0 kB
Bounce:                0 kB
WritebackTmp:          0 kB
CommitLimit:    24721516 kB
Committed_AS:    9715628 kB
VmallocTotal:   34359738367 kB
VmallocUsed:           0 kB
VmallocChunk:          0 kB
HardwareCorrupted:     0 kB
AnonHugePages:   2150400 kB
CmaTotal:              0 kB
CmaFree:               0 kB
HugePages_Total:       0
HugePages_Free:        0
HugePages_Rsvd:        0
HugePages_Surp:        0
Hugepagesize:       2048 kB
DirectMap4k:      181648 kB
DirectMap2M:     8028160 kB
DirectMap1G:     8388608 kB


CPU:total 8 (initial active 8) (4 cores per cpu, 2 threads per core) family 6 model 94 stepping 3, cmov, cx8, fxsr, mmx, sse, sse2, sse3, ssse3, sse4.1, sse4.2, popcnt, avx, avx2, aes, clmul, erms, rtm, 3dnowpref, lzcnt, ht, tsc, tscinvbit, bmi1, bmi2, adx

/proc/cpuinfo:
processor	: 0
vendor_id	: GenuineIntel
cpu family	: 6
model		: 94
model name	: Intel(R) Core(TM) i7-6700HQ CPU @ 2.60GHz
stepping	: 3
microcode	: 0x9e
cpu MHz		: 2721.671
cache size	: 6144 KB
physical id	: 0
siblings	: 8
core id		: 0
cpu cores	: 4
apicid		: 0
initial apicid	: 0
fpu		: yes
fpu_exception	: yes
cpuid level	: 22
wp		: yes
flags		: fpu vme de pse tsc msr pae mce cx8 apic sep mtrr pge mca cmov pat pse36 clflush dts acpi mmx fxsr sse sse2 ss ht tm pbe syscall nx pdpe1gb rdtscp lm constant_tsc art arch_perfmon pebs bts rep_good nopl xtopology nonstop_tsc aperfmperf eagerfpu pni pclmulqdq dtes64 monitor ds_cpl vmx est tm2 ssse3 sdbg fma cx16 xtpr pdcm pcid sse4_1 sse4_2 x2apic movbe popcnt tsc_deadline_timer aes xsave avx f16c rdrand lahf_lm abm 3dnowprefetch epb invpcid_single intel_pt retpoline kaiser tpr_shadow vnmi flexpriority ept vpid fsgsbase tsc_adjust bmi1 hle avx2 smep bmi2 erms invpcid rtm mpx rdseed adx smap clflushopt xsaveopt xsavec xgetbv1 dtherm ida arat pln pts hwp hwp_notify hwp_act_window hwp_epp
bugs		: cpu_meltdown spectre_v1 spectre_v2
bogomips	: 5183.90
clflush size	: 64
cache_alignment	: 64
address sizes	: 39 bits physical, 48 bits virtual
power management:

processor	: 1
vendor_id	: GenuineIntel
cpu family	: 6
model		: 94
model name	: Intel(R) Core(TM) i7-6700HQ CPU @ 2.60GHz
stepping	: 3
microcode	: 0x9e
cpu MHz		: 2705.523
cache size	: 6144 KB
physical id	: 0
siblings	: 8
core id		: 1
cpu cores	: 4
apicid		: 2
initial apicid	: 2
fpu		: yes
fpu_exception	: yes
cpuid level	: 22
wp		: yes
flags		: fpu vme de pse tsc msr pae mce cx8 apic sep mtrr pge mca cmov pat pse36 clflush dts acpi mmx fxsr sse sse2 ss ht tm pbe syscall nx pdpe1gb rdtscp lm constant_tsc art arch_perfmon pebs bts rep_good nopl xtopology nonstop_tsc aperfmperf eagerfpu pni pclmulqdq dtes64 monitor ds_cpl vmx est tm2 ssse3 sdbg fma cx16 xtpr pdcm pcid sse4_1 sse4_2 x2apic movbe popcnt tsc_deadline_timer aes xsave avx f16c rdrand lahf_lm abm 3dnowprefetch epb invpcid_single intel_pt retpoline kaiser tpr_shadow vnmi flexpriority ept vpid fsgsbase tsc_adjust bmi1 hle avx2 smep bmi2 erms invpcid rtm mpx rdseed adx smap clflushopt xsaveopt xsavec xgetbv1 dtherm ida arat pln pts hwp hwp_notify hwp_act_window hwp_epp
bugs		: cpu_meltdown spectre_v1 spectre_v2
bogomips	: 5183.90
clflush size	: 64
cache_alignment	: 64
address sizes	: 39 bits physical, 48 bits virtual
power management:

processor	: 2
vendor_id	: GenuineIntel
cpu family	: 6
model		: 94
model name	: Intel(R) Core(TM) i7-6700HQ CPU @ 2.60GHz
stepping	: 3
microcode	: 0x9e
cpu MHz		: 2756.406
cache size	: 6144 KB
physical id	: 0
siblings	: 8
core id		: 2
cpu cores	: 4
apicid		: 4
initial apicid	: 4
fpu		: yes
fpu_exception	: yes
cpuid level	: 22
wp		: yes
flags		: fpu vme de pse tsc msr pae mce cx8 apic sep mtrr pge mca cmov pat pse36 clflush dts acpi mmx fxsr sse sse2 ss ht tm pbe syscall nx pdpe1gb rdtscp lm constant_tsc art arch_perfmon pebs bts rep_good nopl xtopology nonstop_tsc aperfmperf eagerfpu pni pclmulqdq dtes64 monitor ds_cpl vmx est tm2 ssse3 sdbg fma cx16 xtpr pdcm pcid sse4_1 sse4_2 x2apic movbe popcnt tsc_deadline_timer aes xsave avx f16c rdrand lahf_lm abm 3dnowprefetch epb invpcid_single intel_pt retpoline kaiser tpr_shadow vnmi flexpriority ept vpid fsgsbase tsc_adjust bmi1 hle avx2 smep bmi2 erms invpcid rtm mpx rdseed adx smap clflushopt xsaveopt xsavec xgetbv1 dtherm ida arat pln pts hwp hwp_notify hwp_act_window hwp_epp
bugs		: cpu_meltdown spectre_v1 spectre_v2
bogomips	: 5183.90
clflush size	: 64
cache_alignment	: 64
address sizes	: 39 bits physical, 48 bits virtual
power management:

processor	: 3
vendor_id	: GenuineIntel
cpu family	: 6
model		: 94
model name	: Intel(R) Core(TM) i7-6700HQ CPU @ 2.60GHz
stepping	: 3
microcode	: 0x9e
cpu MHz		: 2699.937
cache size	: 6144 KB
physical id	: 0
siblings	: 8
core id		: 3
cpu cores	: 4
apicid		: 6
initial apicid	: 6
fpu		: yes
fpu_exception	: yes
cpuid level	: 22
wp		: yes
flags		: fpu vme de pse tsc msr pae mce cx8 apic sep mtrr pge mca cmov pat pse36 clflush dts acpi mmx fxsr sse sse2 ss ht tm pbe syscall nx pdpe1gb rdtscp lm constant_tsc art arch_perfmon pebs bts rep_good nopl xtopology nonstop_tsc aperfmperf eagerfpu pni pclmulqdq dtes64 monitor ds_cpl vmx est tm2 ssse3 sdbg fma cx16 xtpr pdcm pcid sse4_1 sse4_2 x2apic movbe popcnt tsc_deadline_timer aes xsave avx f16c rdrand lahf_lm abm 3dnowprefetch epb invpcid_single intel_pt retpoline kaiser tpr_shadow vnmi flexpriority ept vpid fsgsbase tsc_adjust bmi1 hle avx2 smep bmi2 erms invpcid rtm mpx rdseed adx smap clflushopt xsaveopt xsavec xgetbv1 dtherm ida arat pln pts hwp hwp_notify hwp_act_window hwp_epp
bugs		: cpu_meltdown spectre_v1 spectre_v2
bogomips	: 5183.90
clflush size	: 64
cache_alignment	: 64
address sizes	: 39 bits physical, 48 bits virtual
power management:

processor	: 4
vendor_id	: GenuineIntel
cpu family	: 6
model		: 94
model name	: Intel(R) Core(TM) i7-6700HQ CPU @ 2.60GHz
stepping	: 3
microcode	: 0x9e
cpu MHz		: 2699.937
cache size	: 6144 KB
physical id	: 0
siblings	: 8
core id		: 0
cpu cores	: 4
apicid		: 1
initial apicid	: 1
fpu		: yes
fpu_exception	: yes
cpuid level	: 22
wp		: yes
flags		: fpu vme de pse tsc msr pae mce cx8 apic sep mtrr pge mca cmov pat pse36 clflush dts acpi mmx fxsr sse sse2 ss ht tm pbe syscall nx pdpe1gb rdtscp lm constant_tsc art arch_perfmon pebs bts rep_good nopl xtopology nonstop_tsc aperfmperf eagerfpu pni pclmulqdq dtes64 monitor ds_cpl vmx est tm2 ssse3 sdbg fma cx16 xtpr pdcm pcid sse4_1 sse4_2 x2apic movbe popcnt tsc_deadline_timer aes xsave avx f16c rdrand lahf_lm abm 3dnowprefetch epb invpcid_single intel_pt retpoline kaiser tpr_shadow vnmi flexpriority ept vpid fsgsbase tsc_adjust bmi1 hle avx2 smep bmi2 erms invpcid rtm mpx rdseed adx smap clflushopt xsaveopt xsavec xgetbv1 dtherm ida arat pln pts hwp hwp_notify hwp_act_window hwp_epp
bugs		: cpu_meltdown spectre_v1 spectre_v2
bogomips	: 5183.90
clflush size	: 64
cache_alignment	: 64
address sizes	: 39 bits physical, 48 bits virtual
power management:

processor	: 5
vendor_id	: GenuineIntel
cpu family	: 6
model		: 94
model name	: Intel(R) Core(TM) i7-6700HQ CPU @ 2.60GHz
stepping	: 3
microcode	: 0x9e
cpu MHz		: 2705.015
cache size	: 6144 KB
physical id	: 0
siblings	: 8
core id		: 1
cpu cores	: 4
apicid		: 3
initial apicid	: 3
fpu		: yes
fpu_exception	: yes
cpuid level	: 22
wp		: yes
flags		: fpu vme de pse tsc msr pae mce cx8 apic sep mtrr pge mca cmov pat pse36 clflush dts acpi mmx fxsr sse sse2 ss ht tm pbe syscall nx pdpe1gb rdtscp lm constant_tsc art arch_perfmon pebs bts rep_good nopl xtopology nonstop_tsc aperfmperf eagerfpu pni pclmulqdq dtes64 monitor ds_cpl vmx est tm2 ssse3 sdbg fma cx16 xtpr pdcm pcid sse4_1 sse4_2 x2apic movbe popcnt tsc_deadline_timer aes xsave avx f16c rdrand lahf_lm abm 3dnowprefetch epb invpcid_single intel_pt retpoline kaiser tpr_shadow vnmi flexpriority ept vpid fsgsbase tsc_adjust bmi1 hle avx2 smep bmi2 erms invpcid rtm mpx rdseed adx smap clflushopt xsaveopt xsavec xgetbv1 dtherm ida arat pln pts hwp hwp_notify hwp_act_window hwp_epp
bugs		: cpu_meltdown spectre_v1 spectre_v2
bogomips	: 5183.90
clflush size	: 64
cache_alignment	: 64
address sizes	: 39 bits physical, 48 bits virtual
power management:

processor	: 6
vendor_id	: GenuineIntel
cpu family	: 6
model		: 94
model name	: Intel(R) Core(TM) i7-6700HQ CPU @ 2.60GHz
stepping	: 3
microcode	: 0x9e
cpu MHz		: 2710.093
cache size	: 6144 KB
physical id	: 0
siblings	: 8
core id		: 2
cpu cores	: 4
apicid		: 5
initial apicid	: 5
fpu		: yes
fpu_exception	: yes
cpuid level	: 22
wp		: yes
flags		: fpu vme de pse tsc msr pae mce cx8 apic sep mtrr pge mca cmov pat pse36 clflush dts acpi mmx fxsr sse sse2 ss ht tm pbe syscall nx pdpe1gb rdtscp lm constant_tsc art arch_perfmon pebs bts rep_good nopl xtopology nonstop_tsc aperfmperf eagerfpu pni pclmulqdq dtes64 monitor ds_cpl vmx est tm2 ssse3 sdbg fma cx16 xtpr pdcm pcid sse4_1 sse4_2 x2apic movbe popcnt tsc_deadline_timer aes xsave avx f16c rdrand lahf_lm abm 3dnowprefetch epb invpcid_single intel_pt retpoline kaiser tpr_shadow vnmi flexpriority ept vpid fsgsbase tsc_adjust bmi1 hle avx2 smep bmi2 erms invpcid rtm mpx rdseed adx smap clflushopt xsaveopt xsavec xgetbv1 dtherm ida arat pln pts hwp hwp_notify hwp_act_window hwp_epp
bugs		: cpu_meltdown spectre_v1 spectre_v2
bogomips	: 5183.90
clflush size	: 64
cache_alignment	: 64
address sizes	: 39 bits physical, 48 bits virtual
power management:

processor	: 7
vendor_id	: GenuineIntel
cpu family	: 6
model		: 94
model name	: Intel(R) Core(TM) i7-6700HQ CPU @ 2.60GHz
stepping	: 3
microcode	: 0x9e
cpu MHz		: 2699.937
cache size	: 6144 KB
physical id	: 0
siblings	: 8
core id		: 3
cpu cores	: 4
apicid		: 7
initial apicid	: 7
fpu		: yes
fpu_exception	: yes
cpuid level	: 22
wp		: yes
flags		: fpu vme de pse tsc msr pae mce cx8 apic sep mtrr pge mca cmov pat pse36 clflush dts acpi mmx fxsr sse sse2 ss ht tm pbe syscall nx pdpe1gb rdtscp lm constant_tsc art arch_perfmon pebs bts rep_good nopl xtopology nonstop_tsc aperfmperf eagerfpu pni pclmulqdq dtes64 monitor ds_cpl vmx est tm2 ssse3 sdbg fma cx16 xtpr pdcm pcid sse4_1 sse4_2 x2apic movbe popcnt tsc_deadline_timer aes xsave avx f16c rdrand lahf_lm abm 3dnowprefetch epb invpcid_single intel_pt retpoline kaiser tpr_shadow vnmi flexpriority ept vpid fsgsbase tsc_adjust bmi1 hle avx2 smep bmi2 erms invpcid rtm mpx rdseed adx smap clflushopt xsaveopt xsavec xgetbv1 dtherm ida arat pln pts hwp hwp_notify hwp_act_window hwp_epp
bugs		: cpu_meltdown spectre_v1 spectre_v2
bogomips	: 5183.90
clflush size	: 64
cache_alignment	: 64
address sizes	: 39 bits physical, 48 bits virtual
power management:



Memory: 4k page, physical 16253152k(8568920k free), swap 16594940k(16594940k free)

vm_info: Java HotSpot(TM) 64-Bit Server VM (25.151-b12) for linux-amd64 JRE (1.8.0_151-b12), built on Sep  5 2017 19:20:58 by "java_re" with gcc 4.3.0 20080428 (Red Hat 4.3.0-8)

time: Wed Apr 11 12:26:15 2018
elapsed time: 4 seconds (0d 0h 0m 4s)

